[debug] [2021-12-08T15:32:48.736Z] ----------------------------------------------------------------------
[debug] [2021-12-08T15:32:48.739Z] Command:       C:\Program Files\nodejs\node.exe C:\Users\frcs\AppData\Roaming\npm\node_modules\firebase-tools\lib\bin\firebase.js init
[debug] [2021-12-08T15:32:48.739Z] CLI Version:   9.23.0
[debug] [2021-12-08T15:32:48.739Z] Platform:      win32
[debug] [2021-12-08T15:32:48.740Z] Node Version:  v14.18.0
[debug] [2021-12-08T15:32:48.740Z] Time:          Wed Dec 08 2021 21:32:48 GMT+0600 (Bangladesh Standard Time)
[debug] [2021-12-08T15:32:48.741Z] ----------------------------------------------------------------------
[debug] 
[debug] [2021-12-08T15:32:48.743Z] >>> [apiv2][query] GET https://firebase-public.firebaseio.com/cli.json [none]
[debug] [2021-12-08T15:32:48.827Z] > command requires scopes: ["email","openid","https://www.googleapis.com/auth/cloudplatformprojects.readonly","https://www.googleapis.com/auth/firebase","https://www.googleapis.com/auth/cloud-platform"]
[debug] [2021-12-08T15:32:48.827Z] > authorizing via signed-in user (mukitur.tilok147@gmail.com)
[info] 
     ######## #### ########  ######## ########     ###     ######  ########
     ##        ##  ##     ## ##       ##     ##  ##   ##  ##       ##
     ######    ##  ########  ######   ########  #########  ######  ######
     ##        ##  ##    ##  ##       ##     ## ##     ##       ## ##
     ##       #### ##     ## ######## ########  ##     ##  ######  ########

You're about to initialize a Firebase project in this directory:

  E:\project\cycle-client\trial-bike-shop-client-site

Before we get started, keep in mind:

  * You are initializing within an existing Firebase project directory

[debug] [2021-12-08T15:32:49.949Z] <<< [apiv2][status] GET https://firebase-public.firebaseio.com/cli.json 200
[debug] [2021-12-08T15:32:49.949Z] <<< [apiv2][body] GET https://firebase-public.firebaseio.com/cli.json {"cloudBuildErrorAfter":1594252800000,"cloudBuildWarnAfter":1590019200000,"defaultNode10After":1594252800000,"minVersion":"3.0.5","node8DeploysDisabledAfter":1613390400000,"node8RuntimeDisabledAfter":1615809600000,"node8WarnAfter":1600128000000}
[info] 
=== Project Setup
[info] 
[info] First, let's associate this project directory with a Firebase project.
[info] You can create multiple project aliases by running firebase use --add, 
[info] but for now we'll just set up a default project.
[info] 
[info] i  .firebaserc already has a default project, using trial-bike-shop. 
[debug] [2021-12-08T15:32:58.338Z] > refreshing access token with scopes: []
[debug] [2021-12-08T15:32:58.339Z] >>> HTTP REQUEST POST https://www.googleapis.com/oauth2/v3/token  
 <request body omitted>
[debug] [2021-12-08T15:32:58.534Z] <<< HTTP RESPONSE 200 {"date":"Wed, 08 Dec 2021 15:32:59 GMT","pragma":"no-cache","expires":"Mon, 01 Jan 1990 00:00:00 GMT","cache-control":"no-cache, no-store, max-age=0, must-revalidate","content-type":"application/json; charset=utf-8","vary":"X-Origin, Referer, Origin,Accept-Encoding","server":"scaffolding on HTTPServer2","x-xss-protection":"0","x-frame-options":"SAMEORIGIN","x-content-type-options":"nosniff","alt-svc":"h3=\":443\"; ma=2592000,h3-29=\":443\"; ma=2592000,h3-Q050=\":443\"; ma=2592000,h3-Q046=\":443\"; ma=2592000,h3-Q043=\":443\"; ma=2592000,quic=\":443\"; ma=2592000; v=\"46,43\"","accept-ranges":"none","transfer-encoding":"chunked"}
[debug] [2021-12-08T15:32:58.548Z] >>> [apiv2][query] GET https://firebase.googleapis.com/v1beta1/projects/trial-bike-shop [none]
[debug] [2021-12-08T15:32:59.054Z] <<< [apiv2][status] GET https://firebase.googleapis.com/v1beta1/projects/trial-bike-shop 403
[debug] [2021-12-08T15:32:59.054Z] <<< [apiv2][body] GET https://firebase.googleapis.com/v1beta1/projects/trial-bike-shop {"error":{"code":403,"message":"The caller does not have permission","status":"PERMISSION_DENIED"}}
[debug] [2021-12-08T15:32:59.055Z] HTTP Error: 403, The caller does not have permission
[debug] [2021-12-08T15:32:59.225Z] FirebaseError: HTTP Error: 403, The caller does not have permission
    at module.exports (C:\Users\frcs\AppData\Roaming\npm\node_modules\firebase-tools\lib\responseToError.js:38:12)
    at Client.doRequest (C:\Users\frcs\AppData\Roaming\npm\node_modules\firebase-tools\lib\apiv2.js:241:23)
    at processTicksAndRejections (internal/process/task_queues.js:95:5)
    at async Client.request (C:\Users\frcs\AppData\Roaming\npm\node_modules\firebase-tools\lib\apiv2.js:96:20)
    at async Object.getFirebaseProject (C:\Users\frcs\AppData\Roaming\npm\node_modules\firebase-tools\lib\management\projects.js:290:21)
    at async Object.doSetup [as project] (C:\Users\frcs\AppData\Roaming\npm\node_modules\firebase-tools\lib\init\features\project.js:77:27)
    at async init (C:\Users\frcs\AppData\Roaming\npm\node_modules\firebase-tools\lib\init\index.js:19:9)
[error] 
[error] Error: Failed to get Firebase project trial-bike-shop. Please make sure the project exists and your account has permission to access it.
[debug] [2021-12-08T15:33:11.576Z] ----------------------------------------------------------------------
[debug] [2021-12-08T15:33:11.579Z] Command:       C:\Program Files\nodejs\node.exe C:\Users\frcs\AppData\Roaming\npm\node_modules\firebase-tools\lib\bin\firebase.js init
[debug] [2021-12-08T15:33:11.579Z] CLI Version:   9.23.0
[debug] [2021-12-08T15:33:11.580Z] Platform:      win32
[debug] [2021-12-08T15:33:11.580Z] Node Version:  v14.18.0
[debug] [2021-12-08T15:33:11.580Z] Time:          Wed Dec 08 2021 21:33:11 GMT+0600 (Bangladesh Standard Time)
[debug] [2021-12-08T15:33:11.581Z] ----------------------------------------------------------------------
[debug] 
[debug] [2021-12-08T15:33:11.647Z] > command requires scopes: ["email","openid","https://www.googleapis.com/auth/cloudplatformprojects.readonly","https://www.googleapis.com/auth/firebase","https://www.googleapis.com/auth/cloud-platform"]
[debug] [2021-12-08T15:33:11.648Z] > authorizing via signed-in user (mukitur.tilok147@gmail.com)
[info] 
     ######## #### ########  ######## ########     ###     ######  ########
     ##        ##  ##     ## ##       ##     ##  ##   ##  ##       ##
     ######    ##  ########  ######   ########  #########  ######  ######
     ##        ##  ##    ##  ##       ##     ## ##     ##       ## ##
     ##       #### ##     ## ######## ########  ##     ##  ######  ########

You're about to initialize a Firebase project in this directory:

  E:\project\cycle-client\trial-bike-shop-client-site

Before we get started, keep in mind:

  * You are initializing within an existing Firebase project directory

[info] 
=== Project Setup
[info] 
[info] First, let's associate this project directory with a Firebase project.
[info] You can create multiple project aliases by running firebase use --add, 
[info] but for now we'll just set up a default project.
[info] 
[info] i  .firebaserc already has a default project, using trial-bike-shop. 
[debug] [2021-12-08T15:33:29.886Z] >>> [apiv2][query] GET https://firebase.googleapis.com/v1beta1/projects/trial-bike-shop [none]
[debug] [2021-12-08T15:33:30.349Z] <<< [apiv2][status] GET https://firebase.googleapis.com/v1beta1/projects/trial-bike-shop 403
[debug] [2021-12-08T15:33:30.350Z] <<< [apiv2][body] GET https://firebase.googleapis.com/v1beta1/projects/trial-bike-shop {"error":{"code":403,"message":"The caller does not have permission","status":"PERMISSION_DENIED"}}
[debug] [2021-12-08T15:33:30.351Z] HTTP Error: 403, The caller does not have permission
[debug] [2021-12-08T15:33:30.953Z] FirebaseError: HTTP Error: 403, The caller does not have permission
    at module.exports (C:\Users\frcs\AppData\Roaming\npm\node_modules\firebase-tools\lib\responseToError.js:38:12)
    at Client.doRequest (C:\Users\frcs\AppData\Roaming\npm\node_modules\firebase-tools\lib\apiv2.js:241:23)
    at processTicksAndRejections (internal/process/task_queues.js:95:5)
    at async Client.request (C:\Users\frcs\AppData\Roaming\npm\node_modules\firebase-tools\lib\apiv2.js:96:20)
    at async Object.getFirebaseProject (C:\Users\frcs\AppData\Roaming\npm\node_modules\firebase-tools\lib\management\projects.js:290:21)
    at async Object.doSetup [as project] (C:\Users\frcs\AppData\Roaming\npm\node_modules\firebase-tools\lib\init\features\project.js:77:27)
    at async init (C:\Users\frcs\AppData\Roaming\npm\node_modules\firebase-tools\lib\init\index.js:19:9)
[error] 
[error] Error: Failed to get Firebase project trial-bike-shop. Please make sure the project exists and your account has permission to access it.
